Using CPython 3.13.9
Removed virtual environment at: .venv
Creating virtual environment at: .venv
   Building todo-chatbot-phase3 @ file:///mnt/f/todo-app/todo_app/phase_3/backend
      Built todo-chatbot-phase3 @ file:///mnt/f/todo-app/todo_app/phase_3/backend
warning: Failed to hardlink files; falling back to full copy. This may lead to degraded performance.
         If the cache and target directories are on different filesystems, hardlinking may not be supported.
         If this is intentional, set `export UV_LINK_MODE=copy` or use `--link-mode=copy` to suppress this warning.
Installed 58 packages in 17.93s
INFO:     Will watch for changes in these directories: ['/mnt/f/todo-app/todo_app/phase_3/backend']
INFO:     Uvicorn running on http://0.0.0.0:8000 (Press CTRL+C to quit)
INFO:     Started reloader process [7824] using StatReload
Process SpawnProcess-1:
Traceback (most recent call last):
  File "/home/taha/.local/share/uv/python/cpython-3.13.9-linux-x86_64-gnu/lib/python3.13/multiprocessing/process.py", line 313, in _bootstrap
    self.run()
    ~~~~~~~~^^
  File "/home/taha/.local/share/uv/python/cpython-3.13.9-linux-x86_64-gnu/lib/python3.13/multiprocessing/process.py", line 108, in run
    self._target(*self._args, **self._kwargs)
    ~~~~~~~~~~~~^^^^^^^^^^^^^^^^^^^^^^^^^^^^^
  File "/mnt/f/todo-app/todo_app/phase_3/backend/.venv/lib/python3.13/site-packages/uvicorn/_subprocess.py", line 80, in subprocess_started
    target(sockets=sockets)
    ~~~~~~^^^^^^^^^^^^^^^^^
  File "/mnt/f/todo-app/todo_app/phase_3/backend/.venv/lib/python3.13/site-packages/uvicorn/server.py", line 67, in run
    return asyncio_run(self.serve(sockets=sockets), loop_factory=self.config.get_loop_factory())
  File "/home/taha/.local/share/uv/python/cpython-3.13.9-linux-x86_64-gnu/lib/python3.13/asyncio/runners.py", line 195, in run
    return runner.run(main)
           ~~~~~~~~~~^^^^^^
  File "/home/taha/.local/share/uv/python/cpython-3.13.9-linux-x86_64-gnu/lib/python3.13/asyncio/runners.py", line 118, in run
    return self._loop.run_until_complete(task)
           ~~~~~~~~~~~~~~~~~~~~~~~~~~~~~^^^^^^
  File "/home/taha/.local/share/uv/python/cpython-3.13.9-linux-x86_64-gnu/lib/python3.13/asyncio/base_events.py", line 725, in run_until_complete
    return future.result()
           ~~~~~~~~~~~~~^^
  File "/mnt/f/todo-app/todo_app/phase_3/backend/.venv/lib/python3.13/site-packages/uvicorn/server.py", line 71, in serve
    await self._serve(sockets)
  File "/mnt/f/todo-app/todo_app/phase_3/backend/.venv/lib/python3.13/site-packages/uvicorn/server.py", line 78, in _serve
    config.load()
    ~~~~~~~~~~~^^
  File "/mnt/f/todo-app/todo_app/phase_3/backend/.venv/lib/python3.13/site-packages/uvicorn/config.py", line 439, in load
    self.loaded_app = import_from_string(self.app)
                      ~~~~~~~~~~~~~~~~~~^^^^^^^^^^
  File "/mnt/f/todo-app/todo_app/phase_3/backend/.venv/lib/python3.13/site-packages/uvicorn/importer.py", line 22, in import_from_string
    raise exc from None
  File "/mnt/f/todo-app/todo_app/phase_3/backend/.venv/lib/python3.13/site-packages/uvicorn/importer.py", line 19, in import_from_string
    module = importlib.import_module(module_str)
  File "/home/taha/.local/share/uv/python/cpython-3.13.9-linux-x86_64-gnu/lib/python3.13/importlib/__init__.py", line 88, in import_module
    return _bootstrap._gcd_import(name[level:], package, level)
           ~~~~~~~~~~~~~~~~~~~~~~^^^^^^^^^^^^^^^^^^^^^^^^^^^^^^
  File "<frozen importlib._bootstrap>", line 1387, in _gcd_import
  File "<frozen importlib._bootstrap>", line 1360, in _find_and_load
  File "<frozen importlib._bootstrap>", line 1331, in _find_and_load_unlocked
  File "<frozen importlib._bootstrap>", line 935, in _load_unlocked
  File "<frozen importlib._bootstrap_external>", line 1027, in exec_module
  File "<frozen importlib._bootstrap>", line 488, in _call_with_frames_removed
  File "/mnt/f/todo-app/todo_app/phase_3/backend/src/main.py", line 10, in <module>
    from mcp_server.server import mcp_app
ModuleNotFoundError: No module named 'mcp_server'
WARNING:  StatReload detected changes in 'src/chatkit_store.py'. Reloading...
